<?xml version="1.0" encoding="UTF-8"?>
<!-- Generated by org.testng.reporters.JUnitXMLReporter -->
<testsuite hostname="DESKTOP-KJQ2J7E" failures="2" tests="5" name="sanity testing" time="72.98" errors="0" timestamp="6 May 2021 08:40:18 GMT">
  <testcase classname="testNG.annotations1" name="naviagate" time="0.031">
    <failure type="junit.framework.ComparisonFailure" message="expected:&amp;lt;[facebook]&amp;gt; but was:&amp;lt;[Google]&amp;gt;">
      <![CDATA[junit.framework.ComparisonFailure: expected:<[facebook]> but was:<[Google]>
	at junit.framework.Assert.assertEquals(Assert.java:85)
	at junit.framework.Assert.assertEquals(Assert.java:91)
	at testNG.annotations1.naviagate(annotations1.java:44)
... Removed 24 stack frames]]>
    </failure>
  </testcase> <!-- naviagate -->
  <testcase classname="testNG.annotations1" name="scrrenshot" time="18.51"/>
  <testcase classname="testNG.annotations1" name="url" time="0.012"/>
  <testcase classname="testNG.multipletab" name="google" time="5.164">
    <failure type="junit.framework.AssertionFailedError" message="expected:&amp;lt;12&amp;gt; but was:&amp;lt;13&amp;gt;">
      <![CDATA[junit.framework.AssertionFailedError: expected:<12> but was:<13>
	at junit.framework.Assert.fail(Assert.java:50)
	at junit.framework.Assert.failNotEquals(Assert.java:287)
	at junit.framework.Assert.assertEquals(Assert.java:67)
	at junit.framework.Assert.assertEquals(Assert.java:199)
	at junit.framework.Assert.assertEquals(Assert.java:205)
	at testNG.multipletab.google(multipletab.java:28)
... Removed 24 stack frames]]>
    </failure>
  </testcase> <!-- google -->
  <testcase classname="testNG.multipletab" name="facebookTest" time="8.751"/>
</testsuite> <!-- sanity testing -->
